<?xml version="1.0" encoding="UTF-8" ?>
<testsuite errors="0" failures="0" hostname="USERCAS-OG37FHD" name="LinkJUnitTesting" tests="15" time="0.225" timestamp="2014-10-02T20:12:57">
  <properties>
    <property name="env.X_MANUFACT" value="Xen" />
    <property name="java.vendor" value="Oracle Corporation" />
    <property name="sun.java.launcher" value="SUN_STANDARD" />
    <property name="eclipse.pdebuild.templates" value="/C:/Users/dpendergast/Desktop/Stuff on Desktop/eclipse/plugins/org.eclipse.pde.build_3.8.100.v20130514-1028/templates/" />
    <property name="sun.management.compiler" value="HotSpot 64-Bit Tiered Compilers" />
    <property name="env.PROMPT" value="$P$G" />
    <property name="os.name" value="Windows 7" />
    <property name="env.FP_NO_HOST_CHECK" value="NO" />
    <property name="sun.boot.class.path" value="C:\Program Files\Java\jre7\lib\resources.jar;C:\Program Files\Java\jre7\lib\rt.jar;C:\Program Files\Java\jre7\lib\sunrsasign.jar;C:\Program Files\Java\jre7\lib\jsse.jar;C:\Program Files\Java\jre7\lib\jce.jar;C:\Program Files\Java\jre7\lib\charsets.jar;C:\Program Files\Java\jre7\lib\jfr.jar;C:\Program Files\Java\jre7\classes" />
    <property name="env.COMPUTERNAME" value="USERCAS-OG37FHD" />
    <property name="env.CommonProgramW6432" value="C:\Program Files\Common Files" />
    <property name="env.ALLUSERSPROFILE" value="C:\ProgramData" />
    <property name="env.X_CPUFAM" value="Intel(R) Xeon(R) CPU E5530@ 2.40GHz" />
    <property name="sun.desktop" value="windows" />
    <property name="java.vm.specification.vendor" value="Oracle Corporation" />
    <property name="ant.home" value="C:\Users\dpendergast\Desktop\Stuff on Desktop\eclipse\plugins\org.apache.ant_1.8.4.v201303080030" />
    <property name="java.runtime.version" value="1.7.0_25-b17" />
    <property name="env.X_BOOTBUS" value="IDE" />
    <property name="env.X_BIOSVER" value="3.3.1" />
    <property name="env.HOMEPATH" value="\Users\dpendergast" />
    <property name="ant.file.EECS_293_Project_2" value="C:\Users\dpendergast\workspace\EECS_293_Project_2\build.xml" />
    <property name="user.name" value="dpendergast" />
    <property name="env.X_LOB" value="Latitude" />
    <property name="user.language" value="en" />
    <property name="env.windows_tracing_flags" value="3" />
    <property name="env.TYPE" value="Notebook" />
    <property name="sun.boot.library.path" value="C:\Program Files\Java\jre7\bin" />
    <property name="ant.project.default-target" value="build" />
    <property name="ant.project.name" value="EECS_293_Project_2" />
    <property name="java.version" value="1.7.0_25" />
    <property name="env.PROCESSOR_IDENTIFIER" value="Intel64 Family 6 Model 58 Stepping 9, GenuineIntel" />
    <property name="user.timezone" value="" />
    <property name="env.asl.log" value="Destination=file" />
    <property name="env.TEMP" value="C:\Users\DPENDE~1\AppData\Local\Temp" />
    <property name="sun.arch.data.model" value="64" />
    <property name="java.endorsed.dirs" value="C:\Program Files\Java\jre7\lib\endorsed" />
    <property name="sun.cpu.isalist" value="amd64" />
    <property name="env.HOMEDRIVE" value="C:" />
    <property name="sun.jnu.encoding" value="Cp1252" />
    <property name="file.encoding.pkg" value="sun.io" />
    <property name="file.separator" value="\" />
    <property name="java.specification.name" value="Java Platform API Specification" />
    <property name="ant.file.type.EECS_293_Project_2" value="file" />
    <property name="java.class.version" value="51.0" />
    <property name="env.SYSTYPE" value="Xen_OTHER" />
    <property name="user.country" value="US" />
    <property name="java.home" value="C:\Program Files\Java\jre7" />
    <property name="env.PSModulePath" value="C:\windows\system32\WindowsPowerShell\v1.0\Modules\" />
    <property name="env.APPDATA" value="C:\Users\dpendergast\AppData\Roaming" />
    <property name="env.PUBLIC" value="C:\Users\Public" />
    <property name="env.windows_tracing_logfile" value="C:\BVTBin\Tests\installpackage\csilogfile.log" />
    <property name="java.vm.info" value="mixed mode" />
    <property name="env.ComSpec" value="C:\windows\system32\cmd.exe" />
    <property name="env.OS" value="Windows_NT" />
    <property name="env.CommonProgramFiles" value="C:\Program Files\Common Files" />
    <property name="ant.file" value="C:\Users\dpendergast\workspace\EECS_293_Project_2\build.xml" />
    <property name="os.version" value="6.1" />
    <property name="env.ProgramW6432" value="C:\Program Files" />
    <property name="path.separator" value=";" />
    <property name="java.vm.version" value="23.25-b01" />
    <property name="user.variant" value="" />
    <property name="env.USERPROFILE" value="C:\Users\dpendergast" />
    <property name="ant.library.dir" value="C:\Users\dpendergast\Desktop\Stuff on Desktop\eclipse\plugins\org.apache.ant_1.8.4.v201303080030\lib" />
    <property name="junit.output.dir" value="junit" />
    <property name="env.JAVA_HOME" value="C:\Program Files\Java\jdk1.7.0_25" />
    <property name="java.awt.printerjob" value="sun.awt.windows.WPrinterJob" />
    <property name="env.TMP" value="C:\Users\DPENDE~1\AppData\Local\Temp" />
    <property name="sun.io.unicode.encoding" value="UnicodeLittle" />
    <property name="awt.toolkit" value="sun.awt.windows.WToolkit" />
    <property name="user.script" value="" />
    <property name="eclipse.pdebuild.scripts" value="/C:/Users/dpendergast/Desktop/Stuff on Desktop/eclipse/plugins/org.eclipse.pde.build_3.8.100.v20130514-1028/scripts/" />
    <property name="target" value="1.7" />
    <property name="user.home" value="C:\Users\dpendergast" />
    <property name="env.ProgramData" value="C:\ProgramData" />
    <property name="env.SESSIONNAME" value="Console" />
    <property name="env.ProgramFiles(x86)" value="C:\Program Files (x86)" />
    <property name="java.specification.vendor" value="Oracle Corporation" />
    <property name="java.library.path" value="C:\Program Files\Java\jre7\bin;C:\windows\Sun\Java\bin;C:\windows\system32;C:\windows;C:\windows\system32;C:\windows;C:\windows\System32\Wbem;C:\windows\System32\WindowsPowerShell\v1.0\;C:\Program Files\WIDCOMM\Bluetooth Software\;C:\Program Files\WIDCOMM\Bluetooth Software\syswow64;C:\Aldec\Active-HDL Student Edition\bin;C:\Program Files (x86)\QuickTime\QTSystem\;C:\Program Files (x86)\Microchip\MPLAB C32 Suite\bin;C:\Program Files\Microsoft SQL Server\110\Tools\Binn\;C:\Program Files (x86)\MiKTeX 2.9\miktex\bin\;." />
    <property name="env.NUMBER_OF_PROCESSORS" value="8" />
    <property name="java.vendor.url" value="http://java.oracle.com/" />
    <property name="env.X_SPEED" value="2506" />
    <property name="java.vm.vendor" value="Oracle Corporation" />
    <property name="java.runtime.name" value="Java(TM) SE Runtime Environment" />
    <property name="ant.version" value="Apache Ant(TM) version 1.8.4 compiled on May 22 2012" />
    <property name="sun.java.command" value="org.apache.tools.ant.taskdefs.optional.junit.JUnitTestRunner LinkJUnitTesting filtertrace=true haltOnError=false haltOnFailure=false formatter=org.apache.tools.ant.taskdefs.optional.junit.OutErrSummaryJUnitResultFormatter showoutput=false outputtoformatters=true logfailedtests=true logtestlistenerevents=false formatter=org.apache.tools.ant.taskdefs.optional.junit.PlainJUnitResultFormatter formatter=org.apache.tools.ant.taskdefs.optional.junit.XMLJUnitResultFormatter,C:\Users\dpendergast\workspace\EECS_293_Project_2\junit\TEST-LinkJUnitTesting.xml crashfile=C:\Users\dpendergast\workspace\EECS_293_Project_2\junitvmwatcher6315364272229169692.properties propsfile=C:\Users\dpendergast\workspace\EECS_293_Project_2\junit6079245616815389416.properties" />
    <property name="java.class.path" value="C:\Users\dpendergast\workspace\EECS_293_Project_2\bin;C:\Users\dpendergast\workspace\EECS_293_Project_2\junit.jar;C:\Users\dpendergast\workspace\EECS_293_Project_2\org.hamcrest.core_1.1.0.v20090501071000.jar;C:\Users\dpendergast\Desktop\Stuff on Desktop\eclipse\plugins\org.apache.ant_1.8.4.v201303080030\lib\ant-launcher.jar;C:\Users\dpendergast\Desktop\Stuff on Desktop\eclipse\plugins\org.apache.ant_1.8.4.v201303080030\lib\ant.jar;C:\Users\dpendergast\Desktop\Stuff on Desktop\eclipse\plugins\org.apache.ant_1.8.4.v201303080030\lib\ant-junit.jar;C:\Users\dpendergast\Desktop\Stuff on Desktop\eclipse\plugins\org.apache.ant_1.8.4.v201303080030\lib\ant-junit4.jar" />
    <property name="env.MODEL" value="E6x30" />
    <property name="java.vm.specification.name" value="Java Virtual Machine Specification" />
    <property name="env.LOGONSERVER" value="\\USERCAS-OG37FHD" />
    <property name="env.windir" value="C:\windows" />
    <property name="java.vm.specification.version" value="1.7" />
    <property name="env.PROCESSOR_ARCHITECTURE" value="AMD64" />
    <property name="env.X_MODEL" value="HVM_DOMU" />
    <property name="sun.cpu.endian" value="little" />
    <property name="sun.os.patch.level" value="Service Pack 1" />
    <property name="debuglevel" value="source,lines,vars" />
    <property name="env.ProgramFiles" value="C:\Program Files" />
    <property name="env.ANT_HOME" value="C:\Users\dpendergast\Desktop\Stuff on Desktop\eclipse\plugins\org.apache.ant_1.8.4.v201303080030" />
    <property name="env.PROCESSOR_REVISION" value="3a09" />
    <property name="eclipse.pdebuild.home" value="/C:/Users/dpendergast/Desktop/Stuff on Desktop/eclipse/plugins/org.eclipse.pde.build_3.8.100.v20130514-1028/./" />
    <property name="java.io.tmpdir" value="C:\Users\DPENDE~1\AppData\Local\Temp\" />
    <property name="env.CommonProgramFiles(x86)" value="C:\Program Files (x86)\Common Files" />
    <property name="env.VS120COMNTOOLS" value="C:\Program Files (x86)\Microsoft Visual Studio 12.0\Common7\Tools\" />
    <property name="java.vendor.url.bug" value="http://bugreport.sun.com/bugreport/" />
    <property name="env.SystemRoot" value="C:\windows" />
    <property name="env.X_DETECTEDMODEL" value="E6430" />
    <property name="java.awt.graphicsenv" value="sun.awt.Win32GraphicsEnvironment" />
    <property name="os.arch" value="amd64" />
    <property name="java.ext.dirs" value="C:\Program Files\Java\jre7\lib\ext;C:\windows\Sun\Java\lib\ext" />
    <property name="user.dir" value="C:\Users\dpendergast\workspace\EECS_293_Project_2" />
    <property name="env.LOCALAPPDATA" value="C:\Users\dpendergast\AppData\Local" />
    <property name="line.separator" value="&#xd;&#xa;" />
    <property name="java.vm.name" value="Java HotSpot(TM) 64-Bit Server VM" />
    <property name="env.PATHEXT" value=".COM;.EXE;.BAT;.CMD;.VBS;.VBE;.JS;.JSE;.WSF;.WSH;.MSC" />
    <property name="env.Path" value="C:\windows\system32;C:\windows;C:\windows\System32\Wbem;C:\windows\System32\WindowsPowerShell\v1.0\;C:\Program Files\WIDCOMM\Bluetooth Software\;C:\Program Files\WIDCOMM\Bluetooth Software\syswow64;C:\Aldec\Active-HDL Student Edition\bin;C:\Program Files (x86)\QuickTime\QTSystem\;C:\Program Files (x86)\Microchip\MPLAB C32 Suite\bin;C:\Program Files\Microsoft SQL Server\110\Tools\Binn\;C:\Program Files (x86)\MiKTeX 2.9\miktex\bin\" />
    <property name="basedir" value="C:\Users\dpendergast\workspace\EECS_293_Project_2" />
    <property name="ant.java.version" value="1.7" />
    <property name="env.DRVDIR" value="C:\DRV" />
    <property name="ant.core.lib" value="C:\Users\dpendergast\Desktop\Stuff on Desktop\eclipse\plugins\org.apache.ant_1.8.4.v201303080030\lib\ant.jar" />
    <property name="env.USERNAME" value="dpendergast" />
    <property name="env.SystemDrive" value="C:" />
    <property name="source" value="1.7" />
    <property name="file.encoding" value="Cp1252" />
    <property name="env.REGIONLOC" value="US" />
    <property name="env.USERDOMAIN" value="USERCAS-OG37FHD" />
    <property name="java.specification.version" value="1.7" />
    <property name="ant.project.invoked-targets" value="build,ExampleTests" />
    <property name="env.PROCESSOR_LEVEL" value="6" />
  </properties>
  <testcase classname="LinkJUnitTesting" name="testSetUsers" time="0.014" />
  <testcase classname="LinkJUnitTesting" name="testGetUsers" time="0.011" />
  <testcase classname="LinkJUnitTesting" name="testTearDown" time="0.001" />
  <testcase classname="LinkJUnitTesting" name="testIsActive" time="0.0" />
  <testcase classname="LinkJUnitTesting" name="testToString" time="0.001" />
  <testcase classname="LinkJUnitTesting" name="testConstructor" time="0.0" />
  <testcase classname="LinkJUnitTesting" name="testErrorGetUsers" time="0.001" />
  <testcase classname="LinkJUnitTesting" name="testErrorEstablish" time="0.001" />
  <testcase classname="LinkJUnitTesting" name="testEstablish" time="0.0" />
  <testcase classname="LinkJUnitTesting" name="testErrorTearDown" time="0.0" />
  <testcase classname="LinkJUnitTesting" name="testErrorIsActive" time="0.0" />
  <testcase classname="LinkJUnitTesting" name="testErrorFirstDate" time="0.0" />
  <testcase classname="LinkJUnitTesting" name="testFirstDate" time="0.0" />
  <testcase classname="LinkJUnitTesting" name="testErrorNextEvent" time="0.0" />
  <testcase classname="LinkJUnitTesting" name="testNextEvent" time="0.001" />
  <system-out><![CDATA[]]></system-out>
  <system-err><![CDATA[]]></system-err>
</testsuite>
